0 info it worked if it ends with ok
1 verbose cli [ '/usr/local/bin/node',
1 verbose cli   '/usr/local/bin/npm',
1 verbose cli   'run-script',
1 verbose cli   'test' ]
2 info using npm@4.1.2
3 info using node@v7.7.4
4 verbose run-script [ 'pretest', 'test', 'posttest' ]
5 info lifecycle babel-loader@1.0.0~pretest: babel-loader@1.0.0
6 silly lifecycle babel-loader@1.0.0~pretest: no script for pretest, continuing
7 info lifecycle babel-loader@1.0.0~test: babel-loader@1.0.0
8 verbose lifecycle babel-loader@1.0.0~test: unsafe-perm in lifecycle true
9 verbose lifecycle babel-loader@1.0.0~test: PATH: /usr/local/lib/node_modules/npm/bin/node-gyp-bin:/Users/henrysnopek/dev/depmap/babel-loader/node_modules/.bin:/usr/local/Cellar/git/2.12.0/libexec/git-core:/usr/local/opt/coreutils/libexec/gnubin:/usr/local/bin:/Users/henrysnopek/.rvm/gems/ruby-2.3.0/bin:/Users/henrysnopek/.rvm/gems/ruby-2.3.0@global/bin:/Users/henrysnopek/.rvm/rubies/ruby-2.3.0/bin:/usr/local/opt/coreutils/libexec/gnubin:/usr/local/bin:/usr/bin:/bin:/usr/sbin:/sbin:/bin:/usr/bin:/usr/local/bin:/sbin:/usr/sbin:/usr/local/sbin:/Users/henrysnopek/.cargo/bin:/Users/henrysnopek/go/bin:/usr/local/go/bin:/Users/henrysnopek/go/bin:/Users/henrysnopek/.rvm/gems/ruby-2.3.0/bin:/Users/henrysnopek/.rvm/bin:/Users/henrysnopek/.rvm/gems/ruby-2.3.0@global/bin:/Users/henrysnopek/.luarocks/bin:/Applications/Postgres.app/Contents/Versions/latest/bin:@@HOMEBREW_PREFIX@@/bin:/Users/henrysnopek/.fzf/bin:/bin:/usr/bin:/usr/local/bin:/sbin:/usr/sbin:/usr/local/sbin:/Users/henrysnopek/.cargo/bin:/Users/henrysnopek/go/bin:/usr/local/go/bin:/Users/henrysnopek/go/bin:/Users/henrysnopek/.rvm/gems/ruby-2.3.0/bin:/Users/henrysnopek/.rvm/bin:/Users/henrysnopek/.rvm/gems/ruby-2.3.0@global/bin:/Users/henrysnopek/.luarocks/bin:/Applications/Postgres.app/Contents/Versions/latest/bin:@@HOMEBREW_PREFIX@@/bin
10 verbose lifecycle babel-loader@1.0.0~test: CWD: /Users/henrysnopek/dev/depmap/babel-loader
11 silly lifecycle babel-loader@1.0.0~test: Args: [ '-c', 'echo "Error: no test specified" && exit 1' ]
12 silly lifecycle babel-loader@1.0.0~test: Returned: code: 1  signal: null
13 info lifecycle babel-loader@1.0.0~test: Failed to exec test script
14 verbose stack Error: babel-loader@1.0.0 test: `echo "Error: no test specified" && exit 1`
14 verbose stack Exit status 1
14 verbose stack     at EventEmitter.<anonymous> (/usr/local/lib/node_modules/npm/lib/utils/lifecycle.js:279:16)
14 verbose stack     at emitTwo (events.js:106:13)
14 verbose stack     at EventEmitter.emit (events.js:194:7)
14 verbose stack     at ChildProcess.<anonymous> (/usr/local/lib/node_modules/npm/lib/utils/spawn.js:40:14)
14 verbose stack     at emitTwo (events.js:106:13)
14 verbose stack     at ChildProcess.emit (events.js:194:7)
14 verbose stack     at maybeClose (internal/child_process.js:899:16)
14 verbose stack     at Process.ChildProcess._handle.onexit (internal/child_process.js:226:5)
15 verbose pkgid babel-loader@1.0.0
16 verbose cwd /Users/henrysnopek/dev/depmap/babel-loader
17 error Darwin 16.4.0
18 error argv "/usr/local/bin/node" "/usr/local/bin/npm" "run-script" "test"
19 error node v7.7.4
20 error npm  v4.1.2
21 error code ELIFECYCLE
22 error babel-loader@1.0.0 test: `echo "Error: no test specified" && exit 1`
22 error Exit status 1
23 error Failed at the babel-loader@1.0.0 test script 'echo "Error: no test specified" && exit 1'.
23 error Make sure you have the latest version of node.js and npm installed.
23 error If you do, this is most likely a problem with the babel-loader package,
23 error not with npm itself.
23 error Tell the author that this fails on your system:
23 error     echo "Error: no test specified" && exit 1
23 error You can get information on how to open an issue for this project with:
23 error     npm bugs babel-loader
23 error Or if that isn't available, you can get their info via:
23 error     npm owner ls babel-loader
23 error There is likely additional logging output above.
24 verbose exit [ 1, true ]
